47.0 APEX_CODE,FINEST;APEX_PROFILING,INFO;CALLOUT,INFO;DB,INFO;NBA,INFO;SYSTEM,DEBUG;VALIDATION,INFO;VISUALFORCE,INFO;WAVE,INFO;WORKFLOW,INFO
09:20:32.0 (231785)|USER_INFO|[EXTERNAL]|0053E000004GeR0|test-ozyqsqnergxu@example.com|(GMT+01:00) hora estándar de Europa central (Europe/Paris)|GMT+01:00
09:20:32.0 (305070)|EXECUTION_STARTED
09:20:32.0 (311756)|CODE_UNIT_STARTED|[EXTERNAL]|Aura
09:20:32.0 (1566927)|CODE_UNIT_STARTED|[EXTERNAL]|01p3E000002RI8I|Controlador.callWithParam(String)
09:20:32.0 (1824507)|HEAP_ALLOCATE|[79]|Bytes:3
09:20:32.0 (1915713)|HEAP_ALLOCATE|[84]|Bytes:152
09:20:32.0 (1958159)|HEAP_ALLOCATE|[399]|Bytes:408
09:20:32.0 (1998365)|HEAP_ALLOCATE|[412]|Bytes:408
09:20:32.0 (2033861)|HEAP_ALLOCATE|[520]|Bytes:48
09:20:32.0 (2089287)|HEAP_ALLOCATE|[139]|Bytes:6
09:20:32.0 (2187488)|HEAP_ALLOCATE|[EXTERNAL]|Bytes:6
09:20:32.0 (2220060)|METHOD_ENTRY|[1]|01p3E000002RI8I|Controlador.Controlador()
09:20:32.0 (2237072)|STATEMENT_EXECUTE|[1]
09:20:32.0 (2248563)|STATEMENT_EXECUTE|[1]
09:20:32.0 (2300692)|HEAP_ALLOCATE|[52]|Bytes:5
09:20:32.0 (2354341)|HEAP_ALLOCATE|[58]|Bytes:5
09:20:32.0 (2372335)|HEAP_ALLOCATE|[66]|Bytes:7
09:20:32.0 (2402647)|SYSTEM_MODE_ENTER|false
09:20:32.0 (2424832)|HEAP_ALLOCATE|[EXTERNAL]|Bytes:5
09:20:32.0 (2436848)|SYSTEM_MODE_EXIT|false
09:20:32.0 (2450659)|METHOD_EXIT|[1]|Controlador
09:20:32.0 (2460010)|HEAP_ALLOCATE|[EXTERNAL]|Bytes:10
09:20:32.0 (2469012)|SYSTEM_MODE_ENTER|false
09:20:32.0 (2476684)|VARIABLE_SCOPE_BEGIN|[12]|msg|String|false|false
09:20:32.0 (2527685)|VARIABLE_ASSIGNMENT|[12]|msg|"buenosdias"
09:20:32.0 (2549433)|HEAP_ALLOCATE|[13]|Bytes:5
09:20:32.0 (2556734)|STATEMENT_EXECUTE|[12]
09:20:32.0 (2559433)|STATEMENT_EXECUTE|[13]
09:20:32.0 (2563337)|HEAP_ALLOCATE|[13]|Bytes:14
09:20:32.0 (2583947)|HEAP_ALLOCATE|[13]|Bytes:24
09:20:32.0 (2598631)|SYSTEM_MODE_EXIT|false
09:20:32.2 (2635666)|CUMULATIVE_LIMIT_USAGE
09:20:32.2 (2635666)|LIMIT_USAGE_FOR_NS|(default)|
  Number of SOQL queries: 0 out of 100
  Number of query rows: 0 out of 50000
  Number of SOSL queries: 0 out of 20
  Number of DML statements: 0 out of 150
  Number of DML rows: 0 out of 10000
  Maximum CPU time: 0 out of 10000
  Maximum heap size: 0 out of 6000000
  Number of callouts: 0 out of 100
  Number of Email Invocations: 0 out of 10
  Number of future calls: 0 out of 50
  Number of queueable jobs added to the queue: 0 out of 50
  Number of Mobile Apex push calls: 0 out of 10

09:20:32.2 (2635666)|CUMULATIVE_LIMIT_USAGE_END

09:20:32.0 (2678204)|CODE_UNIT_FINISHED|Controlador.callWithParam(String)
09:20:32.0 (2797436)|CODE_UNIT_FINISHED|Aura
09:20:32.0 (4464008)|EXECUTION_FINISHED
